[35m[1mConsolidate compiler generated dependencies of target servo_controller_input[0m
[  6%] Built target fake_command_publisher
[ 12%] Built target gtest
[ 18%] Built target gtest_main
[ 21%] [32mBuilding CXX object CMakeFiles/servo_controller_input.dir/src/teleop_demo/joystick_servo_example.cpp.o[0m
[ 30%] Built target moveit_servo_lib_parameters
[ 36%] Built target test_servo_integration
[ 42%] Built target test_servo_collision
[ 60%] Built target moveit_servo_lib
[ 66%] Built target servo_calcs_unit_tests
[ 72%] Built target pose_tracking
[ 78%] Built target servo_node
[ 84%] Built target test_servo_pose_tracking
[ 90%] Built target servo_pose_tracking_demo
[ 96%] Built target servo_node_main
[01m[K/home/johnbuntu/ar4_ros_driver/moveit_servo/src/teleop_demo/joystick_servo_example.cpp:[m[K In function â€˜[01m[Kbool convertJoyToCmd(const std::vector<float, std::allocator<float> >&, const std::vector<int, std::allocator<int> >&, std::unique_ptr<geometry_msgs::msg::TwistStamped_<std::allocator<void> >, std::default_delete<geometry_msgs::msg::TwistStamped_<std::allocator<void> > > >&, std::unique_ptr<control_msgs::msg::JointJog_<std::allocator<void> >, std::default_delete<control_msgs::msg::JointJog_<std::allocator<void> > > >&, std::unique_ptr<std_msgs::msg::Int32_<std::allocator<void> >, std::default_delete<std_msgs::msg::Int32_<std::allocator<void> > > >&)[m[Kâ€™:
[01m[K/home/johnbuntu/ar4_ros_driver/moveit_servo/src/teleop_demo/joystick_servo_example.cpp:178:29:[m[K [01;31m[Kerror: [m[Kâ€˜[01m[Kdeadzone[m[Kâ€™ was not declared in this scope
  178 |     twist->twist.linear.x = [01;31m[Kdeadzone[m[K(axes[STICK_LR]);
      |                             [01;31m[K^~~~~~~~[m[K
[01m[K/home/johnbuntu/ar4_ros_driver/moveit_servo/src/teleop_demo/joystick_servo_example.cpp:195:35:[m[K [01;31m[Kerror: [m[Kâ€˜[01m[Kdeadzone[m[Kâ€™ was not declared in this scope
  195 |     twist->twist.linear.x = -1 * ([01;31m[Kdeadzone[m[K(axes[STICK_LR]));
      |                                   [01;31m[K^~~~~~~~[m[K
gmake[2]: *** [CMakeFiles/servo_controller_input.dir/build.make:76: CMakeFiles/servo_controller_input.dir/src/teleop_demo/joystick_servo_example.cpp.o] Error 1
gmake[1]: *** [CMakeFiles/Makefile2:283: CMakeFiles/servo_controller_input.dir/all] Error 2
gmake: *** [Makefile:146: all] Error 2
