[0.017s] Invoking command in '/home/johnbuntu/ar4_ros_driver/build/gorm_arm': CMAKE_PREFIX_PATH=/home/johnbuntu/ar4_ros_driver/install/annin_ar4_description:/home/johnbuntu/ar4_ros_driver/install/moveit_servo:/home/johnbuntu/ar4_ros_driver/install/gorm_arm:/home/johnbuntu/ar4_ros_driver/install/annin_ar4_moveit_config:/home/johnbuntu/ar4_ros_driver/install/annin_ar4_gazebo:/home/johnbuntu/ar4_ros_driver/install/annin_ar4_driver:/opt/ros/humble /usr/bin/cmake --build /home/johnbuntu/ar4_ros_driver/build/gorm_arm -- -j8 -l8
[0.080s] [ 20%] [32mBuilding CXX object CMakeFiles/gorm_arm.dir/src/gorm_arm_hardware_interface.cpp.o[0m
[0.080s] [ 60%] [32mBuilding CXX object CMakeFiles/gorm_arm.dir/src/teensy_driver.cpp.o[0m
[0.080s] [ 60%] [32mBuilding CXX object CMakeFiles/gorm_arm.dir/src/gorm_arm_gripper_hw_interface.cpp.o[0m
[0.087s] [ 80%] [32mBuilding CXX object CMakeFiles/gorm_arm.dir/src/arduino_nano_driver.cpp.o[0m
[0.089s] [01m[K/home/johnbuntu/ar4_ros_driver/gorm_arm/src/gorm_arm_hardware_interface.cpp:1:10:[m[K [01;31m[Kfatal error: [m[Kgorm_arm/gorm_arm_hardware_interface.hpp: No such file or directory
[0.090s]     1 | #include [01;31m[K<gorm_arm/gorm_arm_hardware_interface.hpp>[m[K
[0.090s]       |          [01;31m[K^~~~~~~~~~~~~~~~~~~~~~~~~~~~~~~~~~~~~~~~~~[m[K
[0.090s] compilation terminated.
[0.092s] gmake[2]: *** [CMakeFiles/gorm_arm.dir/build.make:76: CMakeFiles/gorm_arm.dir/src/gorm_arm_hardware_interface.cpp.o] Error 1
[0.092s] gmake[2]: *** Waiting for unfinished jobs....
[0.098s] [01m[K/home/johnbuntu/ar4_ros_driver/gorm_arm/src/gorm_arm_gripper_hw_interface.cpp:1:10:[m[K [01;31m[Kfatal error: [m[Kgorm_arm/gorm_arm_gripper_hw_interface.hpp: No such file or directory
[0.098s]     1 | #include [01;31m[K<gorm_arm/gorm_arm_gripper_hw_interface.hpp>[m[K
[0.098s]       |          [01;31m[K^~~~~~~~~~~~~~~~~~~~~~~~~~~~~~~~~~~~~~~~~~~~[m[K
[0.098s] compilation terminated.
[0.098s] [01m[K/home/johnbuntu/ar4_ros_driver/gorm_arm/src/teensy_driver.cpp:1:10:[m[K [01;31m[Kfatal error: [m[Kgorm_arm/teensy_driver.hpp: No such file or directory
[0.099s]     1 | #include [01;31m[K"gorm_arm/teensy_driver.hpp"[m[K
[0.099s]       |          [01;31m[K^~~~~~~~~~~~~~~~~~~~~~~~~~~~[m[K
[0.099s] compilation terminated.
[0.099s] gmake[2]: *** [CMakeFiles/gorm_arm.dir/build.make:90: CMakeFiles/gorm_arm.dir/src/gorm_arm_gripper_hw_interface.cpp.o] Error 1
[0.099s] gmake[2]: *** [CMakeFiles/gorm_arm.dir/build.make:104: CMakeFiles/gorm_arm.dir/src/teensy_driver.cpp.o] Error 1
[0.101s] [01m[K/home/johnbuntu/ar4_ros_driver/gorm_arm/src/arduino_nano_driver.cpp:1:10:[m[K [01;31m[Kfatal error: [m[Kannin_ar4_driver/arduino_nano_driver.hpp: No such file or directory
[0.103s]     1 | #include [01;31m[K"annin_ar4_driver/arduino_nano_driver.hpp"[m[K
[0.103s]       |          [01;31m[K^~~~~~~~~~~~~~~~~~~~~~~~~~~~~~~~~~~~~~~~~~[m[K
[0.104s] compilation terminated.
[0.104s] gmake[2]: *** [CMakeFiles/gorm_arm.dir/build.make:118: CMakeFiles/gorm_arm.dir/src/arduino_nano_driver.cpp.o] Error 1
[0.104s] gmake[1]: *** [CMakeFiles/Makefile2:137: CMakeFiles/gorm_arm.dir/all] Error 2
[0.104s] gmake: *** [Makefile:146: all] Error 2
[0.106s] Invoked command in '/home/johnbuntu/ar4_ros_driver/build/gorm_arm' returned '2': CMAKE_PREFIX_PATH=/home/johnbuntu/ar4_ros_driver/install/annin_ar4_description:/home/johnbuntu/ar4_ros_driver/install/moveit_servo:/home/johnbuntu/ar4_ros_driver/install/gorm_arm:/home/johnbuntu/ar4_ros_driver/install/annin_ar4_moveit_config:/home/johnbuntu/ar4_ros_driver/install/annin_ar4_gazebo:/home/johnbuntu/ar4_ros_driver/install/annin_ar4_driver:/opt/ros/humble /usr/bin/cmake --build /home/johnbuntu/ar4_ros_driver/build/gorm_arm -- -j8 -l8
