-- Found ament_cmake: 1.3.11 (/opt/ros/humble/share/ament_cmake/cmake)
-- Found controller_manager: 2.50.0 (/opt/ros/humble/share/controller_manager/cmake)
-- Found rosidl_generator_c: 3.1.6 (/opt/ros/humble/share/rosidl_generator_c/cmake)
-- Found rosidl_adapter: 3.1.6 (/opt/ros/humble/share/rosidl_adapter/cmake)
-- Found rosidl_generator_cpp: 3.1.6 (/opt/ros/humble/share/rosidl_generator_cpp/cmake)
-- Using all available rosidl_typesupport_c: rosidl_typesupport_fastrtps_c;rosidl_typesupport_introspection_c
-- Using all available rosidl_typesupport_cpp: rosidl_typesupport_fastrtps_cpp;rosidl_typesupport_introspection_cpp
-- Found rmw_implementation_cmake: 6.1.2 (/opt/ros/humble/share/rmw_implementation_cmake/cmake)
-- Found rmw_fastrtps_cpp: 6.2.7 (/opt/ros/humble/share/rmw_fastrtps_cpp/cmake)
-- Found TinyXML2 via Config file: TinyXML2_DIR-NOTFOUND
-- Found TinyXML2 via Config file: TinyXML2_DIR-NOTFOUND
-- Found TinyXML2 via Config file: TinyXML2_DIR-NOTFOUND
-- Found TinyXML2 via Config file: TinyXML2_DIR-NOTFOUND
-- Using RMW implementation 'rmw_fastrtps_cpp' as default
-- Configuring done
-- Generating done
-- Build files have been written to: /home/johnbuntu/ar4_ros_driver/build/gorm_arm
[ 80%] [32mBuilding CXX object CMakeFiles/gorm_arm.dir/src/arduino_nano_driver.cpp.o[0m
[ 80%] [32mBuilding CXX object CMakeFiles/gorm_arm.dir/src/teensy_driver.cpp.o[0m
[ 80%] [32mBuilding CXX object CMakeFiles/gorm_arm.dir/src/gorm_arm_hardware_interface.cpp.o[0m
[ 80%] [32mBuilding CXX object CMakeFiles/gorm_arm.dir/src/gorm_arm_gripper_hw_interface.cpp.o[0m
[01m[K/home/johnbuntu/ar4_ros_driver/gorm_arm/src/gorm_arm_gripper_hw_interface.cpp:1:10:[m[K [01;31m[Kfatal error: [m[Kannin_ar4_driver/ar_servo_gripper_hw_interface.hpp: No such file or directory
    1 | #include [01;31m[K<annin_ar4_driver/ar_servo_gripper_hw_interface.hpp>[m[K
      |          [01;31m[K^~~~~~~~~~~~~~~~~~~~~~~~~~~~~~~~~~~~~~~~~~~~~~~~~~~~[m[K
[01m[K/home/johnbuntu/ar4_ros_driver/gorm_arm/src/gorm_arm_hardware_interface.cpp:1:10:[m[K [01;31m[Kfatal error: [m[Kgorm_arm/gorm_arm_hardware_interface.hpp: No such file or directory
    1 | #include [01;31m[K<gorm_arm/gorm_arm_hardware_interface.hpp>[m[K
      |          [01;31m[K^~~~~~~~~~~~~~~~~~~~~~~~~~~~~~~~~~~~~~~~~~[m[K
[01m[K/home/johnbuntu/ar4_ros_driver/gorm_arm/src/teensy_driver.cpp:1:10:[m[K [01;31m[Kfatal error: [m[Kgorm_arm/teensy_driver.hpp: No such file or directory
    1 | #include [01;31m[K"gorm_arm/teensy_driver.hpp"[m[K
      |          [01;31m[K^~~~~~~~~~~~~~~~~~~~~~~~~~~~[m[K
[01m[K/home/johnbuntu/ar4_ros_driver/gorm_arm/src/arduino_nano_driver.cpp:1:10:[m[K [01;31m[Kfatal error: [m[Kannin_ar4_driver/arduino_nano_driver.hpp: No such file or directory
    1 | #include [01;31m[K"annin_ar4_driver/arduino_nano_driver.hpp"[m[K
      |          [01;31m[K^~~~~~~~~~~~~~~~~~~~~~~~~~~~~~~~~~~~~~~~~~[m[K
compilation terminated.
compilation terminated.
compilation terminated.
compilation terminated.
gmake[2]: *** [CMakeFiles/gorm_arm.dir/build.make:76: CMakeFiles/gorm_arm.dir/src/gorm_arm_hardware_interface.cpp.o] Error 1
gmake[2]: *** Waiting for unfinished jobs....
gmake[2]: *** [CMakeFiles/gorm_arm.dir/build.make:90: CMakeFiles/gorm_arm.dir/src/gorm_arm_gripper_hw_interface.cpp.o] Error 1
gmake[2]: *** [CMakeFiles/gorm_arm.dir/build.make:104: CMakeFiles/gorm_arm.dir/src/teensy_driver.cpp.o] Error 1
gmake[2]: *** [CMakeFiles/gorm_arm.dir/build.make:118: CMakeFiles/gorm_arm.dir/src/arduino_nano_driver.cpp.o] Error 1
gmake[1]: *** [CMakeFiles/Makefile2:137: CMakeFiles/gorm_arm.dir/all] Error 2
gmake: *** [Makefile:146: all] Error 2
