[0.020s] Invoking command in '/home/johnbuntu/ar4_ros_driver/build/gorm_arm': CMAKE_PREFIX_PATH=/home/johnbuntu/ar4_ros_driver/install/annin_ar4_description:/home/johnbuntu/ar4_ros_driver/install/moveit_servo:/home/johnbuntu/ar4_ros_driver/install/gorm_arm:/home/johnbuntu/ar4_ros_driver/install/annin_ar4_moveit_config:/home/johnbuntu/ar4_ros_driver/install/annin_ar4_gazebo:/home/johnbuntu/ar4_ros_driver/install/annin_ar4_driver:/opt/ros/humble /usr/bin/cmake --build /home/johnbuntu/ar4_ros_driver/build/gorm_arm -- -j8 -l8
[0.112s] [ 55%] Built target gorm_arm
[0.129s] [35m[1mConsolidate compiler generated dependencies of target gripper_interface_node[0m
[0.152s] [ 66%] [32mBuilding CXX object CMakeFiles/gripper_interface_node.dir/src/gripper_interface_node.cpp.o[0m
[0.157s] [ 88%] Built target run_arduino_nano
[2.300s] [01m[K/home/johnbuntu/ar4_ros_driver/gorm_arm/src/gripper_interface_node.cpp:[m[K In constructor â€˜[01m[KGripperInterfaceNode::GripperInterfaceNode()[m[Kâ€™:
[2.300s] [01m[K/home/johnbuntu/ar4_ros_driver/gorm_arm/src/gripper_interface_node.cpp:19:37:[m[K [01;31m[Kerror: [m[Kno matching function for call to â€˜[01m[KGripperInterfaceNode::create_wall_timer(int, std::_Bind_helper<false, void (GripperInterfaceNode::*)(), GripperInterfaceNode*>::type)[m[Kâ€™
[2.300s]    19 |     timer_ = [01;31m[Kthis->create_wall_timer([m[K
[2.300s]       |              [01;31m[K~~~~~~~~~~~~~~~~~~~~~~~^[m[K
[2.300s]    20 | [01;31m[K        200, std::bind(&GripperInterfaceNode::timer_callback, this))[m[K;
[2.300s]       |         [01;31m[K~~~~~~~~~~~~~~~~~~~~~~~~~~~~~~~~~~~~~~~~~~~~~~~~~~~~~~~~~~~~[m[K
[2.300s] In file included from [01m[K/opt/ros/humble/include/rclcpp/rclcpp/executors/single_threaded_executor.hpp:28[m[K,
[2.301s]                  from [01m[K/opt/ros/humble/include/rclcpp/rclcpp/executors.hpp:22[m[K,
[2.301s]                  from [01m[K/opt/ros/humble/include/rclcpp/rclcpp/rclcpp.hpp:155[m[K,
[2.301s]                  from [01m[K/home/johnbuntu/ar4_ros_driver/gorm_arm/src/gripper_interface_node.cpp:3[m[K:
[2.301s] [01m[K/opt/ros/humble/include/rclcpp/rclcpp/node.hpp:238:3:[m[K [01;36m[Knote: [m[Kcandidate: â€˜[01m[Ktemplate<class DurationRepT, class DurationT, class CallbackT> typename rclcpp::WallTimer<CallbackT>::SharedPtr rclcpp::Node::create_wall_timer(std::chrono::duration<_Rep1, _Period1>, CallbackT, rclcpp::CallbackGroup::SharedPtr)[m[Kâ€™
[2.301s]   238 |   [01;36m[Kcreate_wall_timer[m[K(
[2.301s]       |   [01;36m[K^~~~~~~~~~~~~~~~~[m[K
[2.301s] [01m[K/opt/ros/humble/include/rclcpp/rclcpp/node.hpp:238:3:[m[K [01;36m[Knote: [m[K  template argument deduction/substitution failed:
[2.301s] [01m[K/home/johnbuntu/ar4_ros_driver/gorm_arm/src/gripper_interface_node.cpp:19:37:[m[K [01;36m[Knote: [m[K  mismatched types â€˜[01m[Kstd::chrono::duration<_Rep1, _Period1>[m[Kâ€™ and â€˜[01m[Kint[m[Kâ€™
[2.301s]    19 |     timer_ = [01;36m[Kthis->create_wall_timer([m[K
[2.301s]       |              [01;36m[K~~~~~~~~~~~~~~~~~~~~~~~^[m[K
[2.301s]    20 | [01;36m[K        200, std::bind(&GripperInterfaceNode::timer_callback, this))[m[K;
[2.301s]       |         [01;36m[K~~~~~~~~~~~~~~~~~~~~~~~~~~~~~~~~~~~~~~~~~~~~~~~~~~~~~~~~~~~~[m[K
[2.302s] [01m[K/home/johnbuntu/ar4_ros_driver/gorm_arm/src/gripper_interface_node.cpp:[m[K In member function â€˜[01m[Kvoid GripperInterfaceNode::gripper_pos_callback(std_msgs::msg::Int32_<std::allocator<void> >::SharedPtr) const[m[Kâ€™:
[2.302s] [01m[K/home/johnbuntu/ar4_ros_driver/gorm_arm/src/gripper_interface_node.cpp:27:9:[m[K [01;31m[Kerror: [m[Kassignment of member â€˜[01m[KGripperInterfaceNode::pos[m[Kâ€™ in read-only object
[2.302s]    27 |     [01;31m[Kpos = msg->data[m[K;
[2.302s]       |     [01;31m[K~~~~^~~~~~~~~~~[m[K
[4.348s] gmake[2]: *** [CMakeFiles/gripper_interface_node.dir/build.make:76: CMakeFiles/gripper_interface_node.dir/src/gripper_interface_node.cpp.o] Error 1
[4.348s] gmake[1]: *** [CMakeFiles/Makefile2:193: CMakeFiles/gripper_interface_node.dir/all] Error 2
[4.348s] gmake: *** [Makefile:146: all] Error 2
[4.350s] Invoked command in '/home/johnbuntu/ar4_ros_driver/build/gorm_arm' returned '2': CMAKE_PREFIX_PATH=/home/johnbuntu/ar4_ros_driver/install/annin_ar4_description:/home/johnbuntu/ar4_ros_driver/install/moveit_servo:/home/johnbuntu/ar4_ros_driver/install/gorm_arm:/home/johnbuntu/ar4_ros_driver/install/annin_ar4_moveit_config:/home/johnbuntu/ar4_ros_driver/install/annin_ar4_gazebo:/home/johnbuntu/ar4_ros_driver/install/annin_ar4_driver:/opt/ros/humble /usr/bin/cmake --build /home/johnbuntu/ar4_ros_driver/build/gorm_arm -- -j8 -l8
