[0.023s] Invoking command in '/home/johnbuntu/ar4_ros_driver/build/gorm_arm': CMAKE_PREFIX_PATH=/home/johnbuntu/ar4_ros_driver/install/annin_ar4_description:/home/johnbuntu/ar4_ros_driver/install/moveit_servo:/home/johnbuntu/ar4_ros_driver/install/gorm_arm:/home/johnbuntu/ar4_ros_driver/install/annin_ar4_moveit_config:/home/johnbuntu/ar4_ros_driver/install/annin_ar4_gazebo:/home/johnbuntu/ar4_ros_driver/install/annin_ar4_driver:/opt/ros/humble /usr/bin/cmake --build /home/johnbuntu/ar4_ros_driver/build/gorm_arm -- -j8 -l8
[0.085s] [35m[1mConsolidate compiler generated dependencies of target gorm_arm[0m
[0.129s] [ 20%] [32mBuilding CXX object CMakeFiles/gorm_arm.dir/src/arduino_nano_driver.cpp.o[0m
[2.780s] [01m[K/home/johnbuntu/ar4_ros_driver/gorm_arm/src/arduino_nano_driver.cpp:8:8:[m[K [01;31m[Kerror: [m[Kâ€˜[01m[KArduinoNanoDriver[m[Kâ€™ has not been declared
[2.780s]     8 |   bool [01;31m[KArduinoNanoDriver[m[K::init(std::string port, int baudrate)
[2.780s]       |        [01;31m[K^~~~~~~~~~~~~~~~~[m[K
[2.785s] [01m[K/home/johnbuntu/ar4_ros_driver/gorm_arm/src/arduino_nano_driver.cpp:[m[K In function â€˜[01m[Kbool annin_ar4_driver::init(std::string, int)[m[Kâ€™:
[2.785s] [01m[K/home/johnbuntu/ar4_ros_driver/gorm_arm/src/arduino_nano_driver.cpp:11:5:[m[K [01;31m[Kerror: [m[Kâ€˜[01m[Kversion_[m[Kâ€™ was not declared in this scope
[2.785s]    11 |     [01;31m[Kversion_[m[K = FW_VERSION;
[2.785s]       |     [01;31m[K^~~~~~~~[m[K
[2.792s] [01m[K/home/johnbuntu/ar4_ros_driver/gorm_arm/src/arduino_nano_driver.cpp:15:5:[m[K [01;31m[Kerror: [m[Kâ€˜[01m[Kserial_port_[m[Kâ€™ was not declared in this scope
[2.792s]    15 |     [01;31m[Kserial_port_[m[K.open(port, ec);
[2.792s]       |     [01;31m[K^~~~~~~~~~~~[m[K
[2.797s] In file included from [01m[K/opt/ros/humble/include/rclcpp/rclcpp/client.hpp:40[m[K,
[2.797s]                  from [01m[K/opt/ros/humble/include/rclcpp/rclcpp/callback_group.hpp:24[m[K,
[2.797s]                  from [01m[K/opt/ros/humble/include/rclcpp/rclcpp/any_executable.hpp:20[m[K,
[2.797s]                  from [01m[K/opt/ros/humble/include/rclcpp/rclcpp/memory_strategy.hpp:25[m[K,
[2.797s]                  from [01m[K/opt/ros/humble/include/rclcpp/rclcpp/memory_strategies.hpp:18[m[K,
[2.797s]                  from [01m[K/opt/ros/humble/include/rclcpp/rclcpp/executor_options.hpp:20[m[K,
[2.797s]                  from [01m[K/opt/ros/humble/include/rclcpp/rclcpp/executor.hpp:37[m[K,
[2.797s]                  from [01m[K/opt/ros/humble/include/rclcpp/rclcpp/executors/multi_threaded_executor.hpp:25[m[K,
[2.797s]                  from [01m[K/opt/ros/humble/include/rclcpp/rclcpp/executors.hpp:21[m[K,
[2.797s]                  from [01m[K/opt/ros/humble/include/rclcpp/rclcpp/rclcpp.hpp:155[m[K,
[2.797s]                  from [01m[K/home/johnbuntu/ar4_ros_driver/gorm_arm/include/gorm_arm_driver/arduino_nano_driver.hpp:4[m[K,
[2.797s]                  from [01m[K/home/johnbuntu/ar4_ros_driver/gorm_arm/src/arduino_nano_driver.cpp:1[m[K:
[2.797s] [01m[K/home/johnbuntu/ar4_ros_driver/gorm_arm/src/arduino_nano_driver.cpp:19:19:[m[K [01;31m[Kerror: [m[Kâ€˜[01m[Klogger_[m[Kâ€™ was not declared in this scope
[2.797s]    19 |       RCLCPP_WARN([01;31m[Klogger_[m[K, "Failed to connect to serial port %s", port.c_str());
[2.798s]       |                   [01;31m[K^~~~~~~[m[K
[2.798s] [01m[K/home/johnbuntu/ar4_ros_driver/gorm_arm/src/arduino_nano_driver.cpp:19:7:[m[K [01;31m[Kerror: [m[Ktemplate argument 1 is invalid
[2.798s]    19 |       [01;31m[KRCLCPP_WARN[m[K(logger_, "Failed to connect to serial port %s", port.c_str());
[2.798s]       |       [01;31m[K^~~~~~~~~~~[m[K
[2.798s] [01m[K/home/johnbuntu/ar4_ros_driver/gorm_arm/src/arduino_nano_driver.cpp:19:7:[m[K [01;31m[Kerror: [m[Ktemplate argument 1 is invalid
[2.798s]    19 |       [01;31m[KRCLCPP_WARN[m[K(logger_, "Failed to connect to serial port %s", port.c_str());
[2.798s]       |       [01;31m[K^~~~~~~~~~~[m[K
[2.798s] [01m[K/home/johnbuntu/ar4_ros_driver/gorm_arm/src/arduino_nano_driver.cpp:19:7:[m[K [01;31m[Kerror: [m[Ktemplate argument 1 is invalid
[2.798s]    19 |       [01;31m[KRCLCPP_WARN[m[K(logger_, "Failed to connect to serial port %s", port.c_str());
[2.798s]       |       [01;31m[K^~~~~~~~~~~[m[K
[2.803s] [01m[K/home/johnbuntu/ar4_ros_driver/gorm_arm/src/arduino_nano_driver.cpp:28:19:[m[K [01;31m[Kerror: [m[Kâ€˜[01m[Klogger_[m[Kâ€™ was not declared in this scope
[2.803s]    28 |       RCLCPP_INFO([01;31m[Klogger_[m[K, "Successfully connected to serial port %s",
[2.803s]       |                   [01;31m[K^~~~~~~[m[K
[2.803s] [01m[K/home/johnbuntu/ar4_ros_driver/gorm_arm/src/arduino_nano_driver.cpp:28:7:[m[K [01;31m[Kerror: [m[Ktemplate argument 1 is invalid
[2.803s]    28 |       [01;31m[KRCLCPP_INFO[m[K(logger_, "Successfully connected to serial port %s",
[2.803s]       |       [01;31m[K^~~~~~~~~~~[m[K
[2.803s] [01m[K/home/johnbuntu/ar4_ros_driver/gorm_arm/src/arduino_nano_driver.cpp:28:7:[m[K [01;31m[Kerror: [m[Ktemplate argument 1 is invalid
[2.803s]    28 |       [01;31m[KRCLCPP_INFO[m[K(logger_, "Successfully connected to serial port %s",
[2.803s]       |       [01;31m[K^~~~~~~~~~~[m[K
[2.803s] [01m[K/home/johnbuntu/ar4_ros_driver/gorm_arm/src/arduino_nano_driver.cpp:28:7:[m[K [01;31m[Kerror: [m[Ktemplate argument 1 is invalid
[2.803s]    28 |       [01;31m[KRCLCPP_INFO[m[K(logger_, "Successfully connected to serial port %s",
[2.803s]       |       [01;31m[K^~~~~~~~~~~[m[K
[2.809s] [01m[K/home/johnbuntu/ar4_ros_driver/gorm_arm/src/arduino_nano_driver.cpp:32:17:[m[K [01;31m[Kerror: [m[Kâ€˜[01m[Klogger_[m[Kâ€™ was not declared in this scope
[2.809s]    32 |     RCLCPP_INFO([01;31m[Klogger_[m[K, "Waiting for response from Arduino Nano on port %s",
[2.809s]       |                 [01;31m[K^~~~~~~[m[K
[2.809s] [01m[K/home/johnbuntu/ar4_ros_driver/gorm_arm/src/arduino_nano_driver.cpp:32:5:[m[K [01;31m[Kerror: [m[Ktemplate argument 1 is invalid
[2.809s]    32 |     [01;31m[KRCLCPP_INFO[m[K(logger_, "Waiting for response from Arduino Nano on port %s",
[2.809s]       |     [01;31m[K^~~~~~~~~~~[m[K
[2.809s] [01m[K/home/johnbuntu/ar4_ros_driver/gorm_arm/src/arduino_nano_driver.cpp:32:5:[m[K [01;31m[Kerror: [m[Ktemplate argument 1 is invalid
[2.809s]    32 |     [01;31m[KRCLCPP_INFO[m[K(logger_, "Waiting for response from Arduino Nano on port %s",
[2.809s]       |     [01;31m[K^~~~~~~~~~~[m[K
[2.809s] [01m[K/home/johnbuntu/ar4_ros_driver/gorm_arm/src/arduino_nano_driver.cpp:32:5:[m[K [01;31m[Kerror: [m[Ktemplate argument 1 is invalid
[2.809s]    32 |     [01;31m[KRCLCPP_INFO[m[K(logger_, "Waiting for response from Arduino Nano on port %s",
[2.809s]       |     [01;31m[K^~~~~~~~~~~[m[K
[2.817s] [01m[K/home/johnbuntu/ar4_ros_driver/gorm_arm/src/arduino_nano_driver.cpp:36:25:[m[K [01;31m[Kerror: [m[Kâ€˜[01m[KsendCommand[m[Kâ€™ was not declared in this scope
[2.817s]    36 |     std::string reply = [01;31m[KsendCommand[m[K(msg);
[2.817s]       |                         [01;31m[K^~~~~~~~~~~[m[K
[2.823s] [01m[K/home/johnbuntu/ar4_ros_driver/gorm_arm/src/arduino_nano_driver.cpp:37:10:[m[K [01;31m[Kerror: [m[Kâ€˜[01m[KcheckInit[m[Kâ€™ was not declared in this scope
[2.823s]    37 |     if (![01;31m[KcheckInit[m[K(reply))
[2.823s]       |          [01;31m[K^~~~~~~~~[m[K
[2.829s] In file included from [01m[K/opt/ros/humble/include/rclcpp/rclcpp/client.hpp:40[m[K,
[2.829s]                  from [01m[K/opt/ros/humble/include/rclcpp/rclcpp/callback_group.hpp:24[m[K,
[2.829s]                  from [01m[K/opt/ros/humble/include/rclcpp/rclcpp/any_executable.hpp:20[m[K,
[2.829s]                  from [01m[K/opt/ros/humble/include/rclcpp/rclcpp/memory_strategy.hpp:25[m[K,
[2.829s]                  from [01m[K/opt/ros/humble/include/rclcpp/rclcpp/memory_strategies.hpp:18[m[K,
[2.829s]                  from [01m[K/opt/ros/humble/include/rclcpp/rclcpp/executor_options.hpp:20[m[K,
[2.829s]                  from [01m[K/opt/ros/humble/include/rclcpp/rclcpp/executor.hpp:37[m[K,
[2.829s]                  from [01m[K/opt/ros/humble/include/rclcpp/rclcpp/executors/multi_threaded_executor.hpp:25[m[K,
[2.829s]                  from [01m[K/opt/ros/humble/include/rclcpp/rclcpp/executors.hpp:21[m[K,
[2.829s]                  from [01m[K/opt/ros/humble/include/rclcpp/rclcpp/rclcpp.hpp:155[m[K,
[2.829s]                  from [01m[K/home/johnbuntu/ar4_ros_driver/gorm_arm/include/gorm_arm_driver/arduino_nano_driver.hpp:4[m[K,
[2.830s]                  from [01m[K/home/johnbuntu/ar4_ros_driver/gorm_arm/src/arduino_nano_driver.cpp:1[m[K:
[2.830s] [01m[K/home/johnbuntu/ar4_ros_driver/gorm_arm/src/arduino_nano_driver.cpp:41:17:[m[K [01;31m[Kerror: [m[Kâ€˜[01m[Klogger_[m[Kâ€™ was not declared in this scope
[2.830s]    41 |     RCLCPP_INFO([01;31m[Klogger_[m[K, "Successfully initialised driver on port %s",
[2.830s]       |                 [01;31m[K^~~~~~~[m[K
[2.830s] [01m[K/home/johnbuntu/ar4_ros_driver/gorm_arm/src/arduino_nano_driver.cpp:41:5:[m[K [01;31m[Kerror: [m[Ktemplate argument 1 is invalid
[2.830s]    41 |     [01;31m[KRCLCPP_INFO[m[K(logger_, "Successfully initialised driver on port %s",
[2.830s]       |     [01;31m[K^~~~~~~~~~~[m[K
[2.830s] [01m[K/home/johnbuntu/ar4_ros_driver/gorm_arm/src/arduino_nano_driver.cpp:41:5:[m[K [01;31m[Kerror: [m[Ktemplate argument 1 is invalid
[2.830s]    41 |     [01;31m[KRCLCPP_INFO[m[K(logger_, "Successfully initialised driver on port %s",
[2.830s]       |     [01;31m[K^~~~~~~~~~~[m[K
[2.830s] [01m[K/home/johnbuntu/ar4_ros_driver/gorm_arm/src/arduino_nano_driver.cpp:41:5:[m[K [01;31m[Kerror: [m[Ktemplate argument 1 is invalid
[2.830s]    41 |     [01;31m[KRCLCPP_INFO[m[K(logger_, "Successfully initialised driver on port %s",
[2.830s]       |     [01;31m[K^~~~~~~~~~~[m[K
[2.838s] [01m[K/home/johnbuntu/ar4_ros_driver/gorm_arm/src/arduino_nano_driver.cpp:[m[K At global scope:
[2.838s] [01m[K/home/johnbuntu/ar4_ros_driver/gorm_arm/src/arduino_nano_driver.cpp:46:3:[m[K [01;31m[Kerror: [m[Kâ€˜[01m[KArduinoNanoDriver[m[Kâ€™ does not name a type
[2.838s]    46 |   [01;31m[KArduinoNanoDriver[m[K::ArduinoNanoDriver() : serial_port_(io_service_) {}
[2.838s]       |   [01;31m[K^~~~~~~~~~~~~~~~~[m[K
[2.838s] [01m[K/home/johnbuntu/ar4_ros_driver/gorm_arm/src/arduino_nano_driver.cpp:48:15:[m[K [01;31m[Kerror: [m[Kâ€˜[01m[KArduinoNanoDriver[m[Kâ€™ has not been declared
[2.838s]    48 |   std::string [01;31m[KArduinoNanoDriver[m[K::sendCommand(std::string outMsg)
[2.838s]       |               [01;31m[K^~~~~~~~~~~~~~~~~[m[K
[2.843s] [01m[K/home/johnbuntu/ar4_ros_driver/gorm_arm/src/arduino_nano_driver.cpp:[m[K In function â€˜[01m[Kstd::string annin_ar4_driver::sendCommand(std::string)[m[Kâ€™:
[2.843s] [01m[K/home/johnbuntu/ar4_ros_driver/gorm_arm/src/arduino_nano_driver.cpp:51:10:[m[K [01;31m[Kerror: [m[Kâ€˜[01m[Ktransmit[m[Kâ€™ was not declared in this scope; did you mean â€˜[01m[KerrTransmit[m[Kâ€™?
[2.843s]    51 |     if (![01;31m[Ktransmit[m[K(outMsg, errTransmit))
[2.843s]       |          [01;31m[K^~~~~~~~[m[K
[2.844s]       |          [32m[KerrTransmit[m[K
[2.848s] In file included from [01m[K/opt/ros/humble/include/rclcpp/rclcpp/client.hpp:40[m[K,
[2.848s]                  from [01m[K/opt/ros/humble/include/rclcpp/rclcpp/callback_group.hpp:24[m[K,
[2.848s]                  from [01m[K/opt/ros/humble/include/rclcpp/rclcpp/any_executable.hpp:20[m[K,
[2.848s]                  from [01m[K/opt/ros/humble/include/rclcpp/rclcpp/memory_strategy.hpp:25[m[K,
[2.848s]                  from [01m[K/opt/ros/humble/include/rclcpp/rclcpp/memory_strategies.hpp:18[m[K,
[2.848s]                  from [01m[K/opt/ros/humble/include/rclcpp/rclcpp/executor_options.hpp:20[m[K,
[2.848s]                  from [01m[K/opt/ros/humble/include/rclcpp/rclcpp/executor.hpp:37[m[K,
[2.848s]                  from [01m[K/opt/ros/humble/include/rclcpp/rclcpp/executors/multi_threaded_executor.hpp:25[m[K,
[2.848s]                  from [01m[K/opt/ros/humble/include/rclcpp/rclcpp/executors.hpp:21[m[K,
[2.848s]                  from [01m[K/opt/ros/humble/include/rclcpp/rclcpp/rclcpp.hpp:155[m[K,
[2.848s]                  from [01m[K/home/johnbuntu/ar4_ros_driver/gorm_arm/include/gorm_arm_driver/arduino_nano_driver.hpp:4[m[K,
[2.848s]                  from [01m[K/home/johnbuntu/ar4_ros_driver/gorm_arm/src/arduino_nano_driver.cpp:1[m[K:
[2.848s] [01m[K/home/johnbuntu/ar4_ros_driver/gorm_arm/src/arduino_nano_driver.cpp:53:20:[m[K [01;31m[Kerror: [m[Kâ€˜[01m[Klogger_[m[Kâ€™ was not declared in this scope
[2.848s]    53 |       RCLCPP_ERROR([01;31m[Klogger_[m[K, "Failed to transmit message: %s",
[2.848s]       |                    [01;31m[K^~~~~~~[m[K
[2.848s] [01m[K/home/johnbuntu/ar4_ros_driver/gorm_arm/src/arduino_nano_driver.cpp:53:7:[m[K [01;31m[Kerror: [m[Ktemplate argument 1 is invalid
[2.848s]    53 |       [01;31m[KRCLCPP_ERROR[m[K(logger_, "Failed to transmit message: %s",
[2.848s]       |       [01;31m[K^~~~~~~~~~~~[m[K
[2.848s] [01m[K/home/johnbuntu/ar4_ros_driver/gorm_arm/src/arduino_nano_driver.cpp:53:7:[m[K [01;31m[Kerror: [m[Ktemplate argument 1 is invalid
[2.848s]    53 |       [01;31m[KRCLCPP_ERROR[m[K(logger_, "Failed to transmit message: %s",
[2.848s]       |       [01;31m[K^~~~~~~~~~~~[m[K
[2.848s] [01m[K/home/johnbuntu/ar4_ros_driver/gorm_arm/src/arduino_nano_driver.cpp:53:7:[m[K [01;31m[Kerror: [m[Ktemplate argument 1 is invalid
[2.849s]    53 |       [01;31m[KRCLCPP_ERROR[m[K(logger_, "Failed to transmit message: %s",
[2.849s]       |       [01;31m[K^~~~~~~~~~~~[m[K
[2.852s] [01m[K/home/johnbuntu/ar4_ros_driver/gorm_arm/src/arduino_nano_driver.cpp:59:5:[m[K [01;31m[Kerror: [m[Kâ€˜[01m[Kreceive[m[Kâ€™ was not declared in this scope
[2.852s]    59 |     [01;31m[Kreceive[m[K(inMsg);
[2.852s]       |     [01;31m[K^~~~~~~[m[K
[2.852s] [01m[K/home/johnbuntu/ar4_ros_driver/gorm_arm/src/arduino_nano_driver.cpp:[m[K At global scope:
[2.852s] [01m[K/home/johnbuntu/ar4_ros_driver/gorm_arm/src/arduino_nano_driver.cpp:63:8:[m[K [01;31m[Kerror: [m[Kâ€˜[01m[KArduinoNanoDriver[m[Kâ€™ has not been declared
[2.852s]    63 |   bool [01;31m[KArduinoNanoDriver[m[K::transmit(std::string msg, std::string &err)
[2.852s]       |        [01;31m[K^~~~~~~~~~~~~~~~~[m[K
[2.859s] [01m[K/home/johnbuntu/ar4_ros_driver/gorm_arm/src/arduino_nano_driver.cpp:[m[K In function â€˜[01m[Kbool annin_ar4_driver::transmit(std::string, std::string&)[m[Kâ€™:
[2.859s] [01m[K/home/johnbuntu/ar4_ros_driver/gorm_arm/src/arduino_nano_driver.cpp:68:24:[m[K [01;31m[Kerror: [m[Kâ€˜[01m[Kserial_port_[m[Kâ€™ was not declared in this scope
[2.859s]    68 |     boost::asio::write([01;31m[Kserial_port_[m[K, sendBuffer, ec);
[2.859s]       |                        [01;31m[K^~~~~~~~~~~~[m[K
[2.859s] [01m[K/home/johnbuntu/ar4_ros_driver/gorm_arm/src/arduino_nano_driver.cpp:[m[K At global scope:
[2.860s] [01m[K/home/johnbuntu/ar4_ros_driver/gorm_arm/src/arduino_nano_driver.cpp:81:8:[m[K [01;31m[Kerror: [m[Kâ€˜[01m[KArduinoNanoDriver[m[Kâ€™ has not been declared
[2.860s]    81 |   void [01;31m[KArduinoNanoDriver[m[K::receive(std::string &inMsg)
[2.860s]       |        [01;31m[K^~~~~~~~~~~~~~~~~[m[K
[2.866s] [01m[K/home/johnbuntu/ar4_ros_driver/gorm_arm/src/arduino_nano_driver.cpp:[m[K In function â€˜[01m[Kvoid annin_ar4_driver::receive(std::string&)[m[Kâ€™:
[2.866s] [01m[K/home/johnbuntu/ar4_ros_driver/gorm_arm/src/arduino_nano_driver.cpp:88:25:[m[K [01;31m[Kerror: [m[Kâ€˜[01m[Kserial_port_[m[Kâ€™ was not declared in this scope
[2.867s]    88 |       boost::asio::read([01;31m[Kserial_port_[m[K, boost::asio::buffer(&c, 1));
[2.867s]       |                         [01;31m[K^~~~~~~~~~~~[m[K
[2.867s] [01m[K/home/johnbuntu/ar4_ros_driver/gorm_arm/src/arduino_nano_driver.cpp:[m[K At global scope:
[2.867s] [01m[K/home/johnbuntu/ar4_ros_driver/gorm_arm/src/arduino_nano_driver.cpp:103:8:[m[K [01;31m[Kerror: [m[Kâ€˜[01m[KArduinoNanoDriver[m[Kâ€™ has not been declared
[2.867s]   103 |   bool [01;31m[KArduinoNanoDriver[m[K::checkInit(std::string msg)
[2.867s]       |        [01;31m[K^~~~~~~~~~~~~~~~~[m[K
[2.872s] [01m[K/home/johnbuntu/ar4_ros_driver/gorm_arm/src/arduino_nano_driver.cpp:[m[K In function â€˜[01m[Kbool annin_ar4_driver::checkInit(std::string)[m[Kâ€™:
[2.872s] [01m[K/home/johnbuntu/ar4_ros_driver/gorm_arm/src/arduino_nano_driver.cpp:105:16:[m[K [01;31m[Kerror: [m[Kâ€˜[01m[Kversion_[m[Kâ€™ was not declared in this scope
[2.872s]   105 |     if (msg == [01;31m[Kversion_[m[K)
[2.872s]       |                [01;31m[K^~~~~~~~[m[K
[2.876s] In file included from [01m[K/opt/ros/humble/include/rclcpp/rclcpp/client.hpp:40[m[K,
[2.876s]                  from [01m[K/opt/ros/humble/include/rclcpp/rclcpp/callback_group.hpp:24[m[K,
[2.876s]                  from [01m[K/opt/ros/humble/include/rclcpp/rclcpp/any_executable.hpp:20[m[K,
[2.876s]                  from [01m[K/opt/ros/humble/include/rclcpp/rclcpp/memory_strategy.hpp:25[m[K,
[2.876s]                  from [01m[K/opt/ros/humble/include/rclcpp/rclcpp/memory_strategies.hpp:18[m[K,
[2.876s]                  from [01m[K/opt/ros/humble/include/rclcpp/rclcpp/executor_options.hpp:20[m[K,
[2.876s]                  from [01m[K/opt/ros/humble/include/rclcpp/rclcpp/executor.hpp:37[m[K,
[2.876s]                  from [01m[K/opt/ros/humble/include/rclcpp/rclcpp/executors/multi_threaded_executor.hpp:25[m[K,
[2.877s]                  from [01m[K/opt/ros/humble/include/rclcpp/rclcpp/executors.hpp:21[m[K,
[2.877s]                  from [01m[K/opt/ros/humble/include/rclcpp/rclcpp/rclcpp.hpp:155[m[K,
[2.877s]                  from [01m[K/home/johnbuntu/ar4_ros_driver/gorm_arm/include/gorm_arm_driver/arduino_nano_driver.hpp:4[m[K,
[2.877s]                  from [01m[K/home/johnbuntu/ar4_ros_driver/gorm_arm/src/arduino_nano_driver.cpp:1[m[K:
[2.877s] [01m[K/home/johnbuntu/ar4_ros_driver/gorm_arm/src/arduino_nano_driver.cpp:111:20:[m[K [01;31m[Kerror: [m[Kâ€˜[01m[Klogger_[m[Kâ€™ was not declared in this scope
[2.877s]   111 |       RCLCPP_ERROR([01;31m[Klogger_[m[K, "Firmware version mismatch %s vs. %s", msg.c_str(),
[2.877s]       |                    [01;31m[K^~~~~~~[m[K
[2.877s] [01m[K/home/johnbuntu/ar4_ros_driver/gorm_arm/src/arduino_nano_driver.cpp:111:7:[m[K [01;31m[Kerror: [m[Ktemplate argument 1 is invalid
[2.877s]   111 |       [01;31m[KRCLCPP_ERROR[m[K(logger_, "Firmware version mismatch %s vs. %s", msg.c_str(),
[2.877s]       |       [01;31m[K^~~~~~~~~~~~[m[K
[2.877s] [01m[K/home/johnbuntu/ar4_ros_driver/gorm_arm/src/arduino_nano_driver.cpp:111:7:[m[K [01;31m[Kerror: [m[Ktemplate argument 1 is invalid
[2.877s]   111 |       [01;31m[KRCLCPP_ERROR[m[K(logger_, "Firmware version mismatch %s vs. %s", msg.c_str(),
[2.877s]       |       [01;31m[K^~~~~~~~~~~~[m[K
[2.877s] [01m[K/home/johnbuntu/ar4_ros_driver/gorm_arm/src/arduino_nano_driver.cpp:111:7:[m[K [01;31m[Kerror: [m[Ktemplate argument 1 is invalid
[2.877s]   111 |       [01;31m[KRCLCPP_ERROR[m[K(logger_, "Firmware version mismatch %s vs. %s", msg.c_str(),
[2.877s]       |       [01;31m[K^~~~~~~~~~~~[m[K
[2.877s] [01m[K/home/johnbuntu/ar4_ros_driver/gorm_arm/src/arduino_nano_driver.cpp:[m[K At global scope:
[2.877s] [01m[K/home/johnbuntu/ar4_ros_driver/gorm_arm/src/arduino_nano_driver.cpp:117:8:[m[K [01;31m[Kerror: [m[Kâ€˜[01m[KArduinoNanoDriver[m[Kâ€™ has not been declared
[2.877s]   117 |   bool [01;31m[KArduinoNanoDriver[m[K::getPosition(int &position)
[2.877s]       |        [01;31m[K^~~~~~~~~~~~~~~~~[m[K
[2.881s] In file included from [01m[K/opt/ros/humble/include/rclcpp/rclcpp/client.hpp:40[m[K,
[2.881s]                  from [01m[K/opt/ros/humble/include/rclcpp/rclcpp/callback_group.hpp:24[m[K,
[2.881s]                  from [01m[K/opt/ros/humble/include/rclcpp/rclcpp/any_executable.hpp:20[m[K,
[2.881s]                  from [01m[K/opt/ros/humble/include/rclcpp/rclcpp/memory_strategy.hpp:25[m[K,
[2.881s]                  from [01m[K/opt/ros/humble/include/rclcpp/rclcpp/memory_strategies.hpp:18[m[K,
[2.881s]                  from [01m[K/opt/ros/humble/include/rclcpp/rclcpp/executor_options.hpp:20[m[K,
[2.881s]                  from [01m[K/opt/ros/humble/include/rclcpp/rclcpp/executor.hpp:37[m[K,
[2.881s]                  from [01m[K/opt/ros/humble/include/rclcpp/rclcpp/executors/multi_threaded_executor.hpp:25[m[K,
[2.881s]                  from [01m[K/opt/ros/humble/include/rclcpp/rclcpp/executors.hpp:21[m[K,
[2.881s]                  from [01m[K/opt/ros/humble/include/rclcpp/rclcpp/rclcpp.hpp:155[m[K,
[2.881s]                  from [01m[K/home/johnbuntu/ar4_ros_driver/gorm_arm/include/gorm_arm_driver/arduino_nano_driver.hpp:4[m[K,
[2.882s]                  from [01m[K/home/johnbuntu/ar4_ros_driver/gorm_arm/src/arduino_nano_driver.cpp:1[m[K:
[2.882s] [01m[K/home/johnbuntu/ar4_ros_driver/gorm_arm/src/arduino_nano_driver.cpp:[m[K In function â€˜[01m[Kbool annin_ar4_driver::getPosition(int&)[m[Kâ€™:
[2.882s] [01m[K/home/johnbuntu/ar4_ros_driver/gorm_arm/src/arduino_nano_driver.cpp:122:20:[m[K [01;31m[Kerror: [m[Kâ€˜[01m[Klogger_[m[Kâ€™ was not declared in this scope
[2.882s]   122 |       RCLCPP_ERROR([01;31m[Klogger_[m[K, "Failed to get position");
[2.882s]       |                    [01;31m[K^~~~~~~[m[K
[2.882s] [01m[K/home/johnbuntu/ar4_ros_driver/gorm_arm/src/arduino_nano_driver.cpp:122:7:[m[K [01;31m[Kerror: [m[Ktemplate argument 1 is invalid
[2.882s]   122 |       [01;31m[KRCLCPP_ERROR[m[K(logger_, "Failed to get position");
[2.882s]       |       [01;31m[K^~~~~~~~~~~~[m[K
[2.882s] [01m[K/home/johnbuntu/ar4_ros_driver/gorm_arm/src/arduino_nano_driver.cpp:122:7:[m[K [01;31m[Kerror: [m[Ktemplate argument 1 is invalid
[2.882s]   122 |       [01;31m[KRCLCPP_ERROR[m[K(logger_, "Failed to get position");
[2.882s]       |       [01;31m[K^~~~~~~~~~~~[m[K
[2.882s] [01m[K/home/johnbuntu/ar4_ros_driver/gorm_arm/src/arduino_nano_driver.cpp:122:7:[m[K [01;31m[Kerror: [m[Ktemplate argument 1 is invalid
[2.882s]   122 |       [01;31m[KRCLCPP_ERROR[m[K(logger_, "Failed to get position");
[2.882s]       |       [01;31m[K^~~~~~~~~~~~[m[K
[2.882s] [01m[K/home/johnbuntu/ar4_ros_driver/gorm_arm/src/arduino_nano_driver.cpp:[m[K At global scope:
[2.882s] [01m[K/home/johnbuntu/ar4_ros_driver/gorm_arm/src/arduino_nano_driver.cpp:129:8:[m[K [01;31m[Kerror: [m[Kâ€˜[01m[KArduinoNanoDriver[m[Kâ€™ has not been declared
[2.882s]   129 |   bool [01;31m[KArduinoNanoDriver[m[K::writePosition(double position)
[2.882s]       |        [01;31m[K^~~~~~~~~~~~~~~~~[m[K
[2.886s] In file included from [01m[K/opt/ros/humble/include/rclcpp/rclcpp/client.hpp:40[m[K,
[2.886s]                  from [01m[K/opt/ros/humble/include/rclcpp/rclcpp/callback_group.hpp:24[m[K,
[2.886s]                  from [01m[K/opt/ros/humble/include/rclcpp/rclcpp/any_executable.hpp:20[m[K,
[2.886s]                  from [01m[K/opt/ros/humble/include/rclcpp/rclcpp/memory_strategy.hpp:25[m[K,
[2.886s]                  from [01m[K/opt/ros/humble/include/rclcpp/rclcpp/memory_strategies.hpp:18[m[K,
[2.886s]                  from [01m[K/opt/ros/humble/include/rclcpp/rclcpp/executor_options.hpp:20[m[K,
[2.886s]                  from [01m[K/opt/ros/humble/include/rclcpp/rclcpp/executor.hpp:37[m[K,
[2.886s]                  from [01m[K/opt/ros/humble/include/rclcpp/rclcpp/executors/multi_threaded_executor.hpp:25[m[K,
[2.886s]                  from [01m[K/opt/ros/humble/include/rclcpp/rclcpp/executors.hpp:21[m[K,
[2.886s]                  from [01m[K/opt/ros/humble/include/rclcpp/rclcpp/rclcpp.hpp:155[m[K,
[2.886s]                  from [01m[K/home/johnbuntu/ar4_ros_driver/gorm_arm/include/gorm_arm_driver/arduino_nano_driver.hpp:4[m[K,
[2.886s]                  from [01m[K/home/johnbuntu/ar4_ros_driver/gorm_arm/src/arduino_nano_driver.cpp:1[m[K:
[2.886s] [01m[K/home/johnbuntu/ar4_ros_driver/gorm_arm/src/arduino_nano_driver.cpp:[m[K In function â€˜[01m[Kbool annin_ar4_driver::writePosition(double)[m[Kâ€™:
[2.886s] [01m[K/home/johnbuntu/ar4_ros_driver/gorm_arm/src/arduino_nano_driver.cpp:135:20:[m[K [01;31m[Kerror: [m[Kâ€˜[01m[Klogger_[m[Kâ€™ was not declared in this scope
[2.886s]   135 |       RCLCPP_ERROR([01;31m[Klogger_[m[K, "Failed to write position %f, got reply: %s",
[2.887s]       |                    [01;31m[K^~~~~~~[m[K
[2.887s] [01m[K/home/johnbuntu/ar4_ros_driver/gorm_arm/src/arduino_nano_driver.cpp:135:7:[m[K [01;31m[Kerror: [m[Ktemplate argument 1 is invalid
[2.887s]   135 |       [01;31m[KRCLCPP_ERROR[m[K(logger_, "Failed to write position %f, got reply: %s",
[2.887s]       |       [01;31m[K^~~~~~~~~~~~[m[K
[2.887s] [01m[K/home/johnbuntu/ar4_ros_driver/gorm_arm/src/arduino_nano_driver.cpp:135:7:[m[K [01;31m[Kerror: [m[Ktemplate argument 1 is invalid
[2.887s]   135 |       [01;31m[KRCLCPP_ERROR[m[K(logger_, "Failed to write position %f, got reply: %s",
[2.887s]       |       [01;31m[K^~~~~~~~~~~~[m[K
[2.887s] [01m[K/home/johnbuntu/ar4_ros_driver/gorm_arm/src/arduino_nano_driver.cpp:135:7:[m[K [01;31m[Kerror: [m[Ktemplate argument 1 is invalid
[2.887s]   135 |       [01;31m[KRCLCPP_ERROR[m[K(logger_, "Failed to write position %f, got reply: %s",
[2.887s]       |       [01;31m[K^~~~~~~~~~~~[m[K
[3.512s] [01m[K/home/johnbuntu/ar4_ros_driver/gorm_arm/src/arduino_nano_driver.cpp:[m[K In function â€˜[01m[Kbool annin_ar4_driver::checkInit(std::string)[m[Kâ€™:
[3.512s] [01m[K/home/johnbuntu/ar4_ros_driver/gorm_arm/src/arduino_nano_driver.cpp:115:3:[m[K [01;35m[Kwarning: [m[Kcontrol reaches end of non-void function [[01;35m[K]8;;https://gcc.gnu.org/onlinedocs/gcc/Warning-Options.html#index-Wreturn-type-Wreturn-type]8;;[m[K]
[3.512s]   115 |   [01;35m[K}[m[K
[3.512s]       |   [01;35m[K^[m[K
[3.549s] gmake[2]: *** [CMakeFiles/gorm_arm.dir/build.make:118: CMakeFiles/gorm_arm.dir/src/arduino_nano_driver.cpp.o] Error 1
[3.550s] gmake[1]: *** [CMakeFiles/Makefile2:137: CMakeFiles/gorm_arm.dir/all] Error 2
[3.550s] gmake: *** [Makefile:146: all] Error 2
[3.552s] Invoked command in '/home/johnbuntu/ar4_ros_driver/build/gorm_arm' returned '2': CMAKE_PREFIX_PATH=/home/johnbuntu/ar4_ros_driver/install/annin_ar4_description:/home/johnbuntu/ar4_ros_driver/install/moveit_servo:/home/johnbuntu/ar4_ros_driver/install/gorm_arm:/home/johnbuntu/ar4_ros_driver/install/annin_ar4_moveit_config:/home/johnbuntu/ar4_ros_driver/install/annin_ar4_gazebo:/home/johnbuntu/ar4_ros_driver/install/annin_ar4_driver:/opt/ros/humble /usr/bin/cmake --build /home/johnbuntu/ar4_ros_driver/build/gorm_arm -- -j8 -l8
