[35m[1mConsolidate compiler generated dependencies of target servo_controller_input[0m
[  6%] Built target gtest_main
[ 12%] Built target gtest
[ 18%] Built target fake_command_publisher
[ 21%] [32mBuilding CXX object CMakeFiles/servo_controller_input.dir/src/teleop_demo/joystick_servo_example.cpp.o[0m
[ 30%] Built target moveit_servo_lib_parameters
[ 36%] Built target test_servo_integration
[ 42%] Built target test_servo_collision
[ 60%] Built target moveit_servo_lib
[ 66%] Built target servo_node
[ 72%] Built target pose_tracking
[ 78%] Built target servo_calcs_unit_tests
[ 84%] Built target servo_node_main
[ 90%] Built target test_servo_pose_tracking
[ 96%] Built target servo_pose_tracking_demo
[01m[K/home/johnbuntu/ar4_ros_driver/moveit_servo/src/teleop_demo/joystick_servo_example.cpp:[m[K In constructor â€˜[01m[Kmoveit_servo::JoyToServoPub::JoyToServoPub(const rclcpp::NodeOptions&)[m[Kâ€™:
[01m[K/home/johnbuntu/ar4_ros_driver/moveit_servo/src/teleop_demo/joystick_servo_example.cpp:263:7:[m[K [01;31m[Kerror: [m[Kâ€˜[01m[Kgripper_pub[m[Kâ€™ was not declared in this scope
  263 |       [01;31m[Kgripper_pub[m[K = this->create_publisher<std_msgs::msg::Int32>(GRIPPER_TOPIC, rclcpp::SystemDefaultsQoS());
      |       [01;31m[K^~~~~~~~~~~[m[K
gmake[2]: *** [CMakeFiles/servo_controller_input.dir/build.make:76: CMakeFiles/servo_controller_input.dir/src/teleop_demo/joystick_servo_example.cpp.o] Error 1
gmake[1]: *** [CMakeFiles/Makefile2:283: CMakeFiles/servo_controller_input.dir/all] Error 2
gmake: *** [Makefile:146: all] Error 2
